minishell: open: Success.

Memory addresses still open before closing the program with (0) :
0x4af7000

Memory addresses still open before closing the program with (0) :
0x4af7a90

Memory addresses still open before closing the program with (127) :
0x4af84d0

Memory addresses still open before closing the program with (0) :
0x4af8cd0

Memory addresses still open before closing the program with (0) :
0x4afa1e0

Memory addresses still open before closing the program with (0) :
0x4afad60

Memory addresses still open before closing the program with (12Memory addresses still open before closing the program with (1Memory addresses still open before closing the program with (7) :
0x127) :
0x4afc3f027) :
4afc3f0
0x4af


c3f0

Memory addresses still open before closing the program with (127) :
0x4aff1b0

Memory addresses still open before closing the program with (130) :

